Fetching gem metadata from https://rubygems.org/............
Fetching gem metadata from https://rubygems.org/.
Resolving dependencies........
Using rake 12.3.2
Using concurrent-ruby 1.1.5
Using minitest 5.11.3
Using thread_safe 0.3.6
Using builder 3.2.3
Using erubi 1.8.0
Using mini_portile2 2.4.0
Using crass 1.0.4
Using rack 2.0.7
Using nio4r 2.3.1
Using websocket-extensions 0.1.3
Using mini_mime 1.0.1
Using arel 9.0.0
Using mimemagic 0.3.3
Using public_suffix 3.0.3
Using io-like 0.3.0
Using bcrypt 3.1.12
Using bindex 0.7.0
Using msgpack 1.2.10
Using bundler 2.0.1
Using byebug 11.0.1
Using regexp_parser 1.5.0
Using childprocess 1.0.1
Using coffee-script-source 1.12.2
Using execjs 2.7.0
Using method_source 0.9.2
Using thor 0.20.3
Using commonjs 0.2.7
Using orm_adapter 0.5.0
Using diff-lcs 1.3
Using ffi 1.11.1
Using tilt 2.0.9
Using libv8 3.16.14.19 (x86_64-darwin-18)
Using rb-fsevent 0.10.3
Using ruby_dep 1.5.0
Using mysql2 0.5.2
Using puma 3.12.1
Using ref 2.0.0
Using rspec-support 3.8.0
Using rubyzip 1.2.2
Using sqlite3 1.4.1
Using turbolinks-source 5.2.0
Using i18n 1.6.0
Using nokogiri 1.10.3
Using rack-test 1.1.0
Using warden 1.2.8
Using websocket-driver 0.7.0
Using mail 2.7.1
Using marcel 0.3.3
Using addressable 2.6.0
Fetching sprockets 3.6.3 (was 3.7.2)
Using archive-zip 0.12.0
Using tzinfo 1.2.5
Using bootsnap 1.4.4
Using coffee-script 2.4.1
Using uglifier 4.1.20
Using rb-inotify 0.10.0
Using less 2.6.0
Using therubyracer 0.12.3
Using rspec-core 3.8.0
Using rspec-expectations 3.8.3
Using rspec-mocks 3.8.0
Using selenium-webdriver 3.142.3
Using turbolinks 5.2.0
Using activesupport 5.2.3
Using loofah 2.2.3
Using xpath 3.2.0
Using chromedriver-helper 2.1.1
Using listen 3.1.5
Using sass-listen 4.0.0
Using rails-dom-testing 2.0.3
Using globalid 0.4.2
Using activemodel 5.2.3
Using factory_bot 4.11.1
Using jbuilder 2.9.1
Using spring 2.0.2
Using rails-html-sanitizer 1.0.4
Using capybara 3.20.2
Using sass 3.7.4
Using activejob 5.2.3
Using activerecord 5.2.3
Using actionview 5.2.3
Using spring-watcher-listen 2.0.1
Using actionpack 5.2.3
Using actioncable 5.2.3
Using actionmailer 5.2.3
Using activestorage 5.2.3
Using railties 5.2.3
Using coffee-rails 4.2.2
Using responders 2.4.1
Using factory_bot_rails 4.11.1
Using rspec-rails 3.8.2
Using web-console 3.7.0
Using devise 4.6.2
Installing sprockets 3.6.3 (was 3.7.2)
Using less-rails 2.8.0
Using sprockets-rails 3.2.1
Using twitter-bootstrap-rails 4.0.0
Using rails 5.2.3
Using sass-rails 5.0.6
Bundle updated!
