Started GET "/articles" for 127.0.0.1 at 2019-05-16 00:02:53 +0900
  [1m[35m (0.6ms)[0m  [1m[34mSELECT "schema_migrations"."version" FROM "schema_migrations" ORDER BY "schema_migrations"."version" ASC[0m
  ↳ /Users/masatoyamashita/.rbenv/versions/2.6.3/lib/ruby/gems/2.6.0/gems/activerecord-5.2.3/lib/active_record/log_subscriber.rb:98
Processing by ArticlesController#index as HTML
  Rendering articles/index.html.erb within layouts/application
  [1m[36mArticle Load (0.6ms)[0m  [1m[34mSELECT "articles".* FROM "articles"[0m
  ↳ app/views/articles/index.html.erb:14
  Rendered articles/index.html.erb within layouts/application (17.4ms)
Completed 200 OK in 12368ms (Views: 706.8ms | ActiveRecord: 1.3ms)


Started GET "/articles" for 127.0.0.1 at 2019-05-16 00:05:17 +0900
Processing by ArticlesController#index as HTML
  Rendering articles/index.html.erb within layouts/application
  [1m[36mArticle Load (1.2ms)[0m  [1m[34mSELECT "articles".* FROM "articles"[0m
  ↳ app/views/articles/index.html.erb:14
  Rendered articles/index.html.erb within layouts/application (25.6ms)
Completed 200 OK in 12947ms (Views: 70.4ms | ActiveRecord: 2.5ms)


Started GET "/articles" for 127.0.0.1 at 2019-05-16 00:05:44 +0900
Processing by ArticlesController#index as HTML
  Rendering articles/index.html.erb within layouts/application
  [1m[36mArticle Load (0.8ms)[0m  [1m[34mSELECT "articles".* FROM "articles"[0m
  ↳ app/views/articles/index.html.erb:14
  Rendered articles/index.html.erb within layouts/application (20.9ms)
Completed 200 OK in 11768ms (Views: 59.6ms | ActiveRecord: 2.3ms)


Started GET "/articles" for 127.0.0.1 at 2019-05-16 00:06:24 +0900
  [1m[35m (0.6ms)[0m  [1m[34mSELECT "schema_migrations"."version" FROM "schema_migrations" ORDER BY "schema_migrations"."version" ASC[0m
  ↳ /Users/masatoyamashita/.rbenv/versions/2.6.3/lib/ruby/gems/2.6.0/gems/activerecord-5.2.3/lib/active_record/log_subscriber.rb:98
Processing by ArticlesController#index as HTML
Completed 500 Internal Server Error in 22ms (ActiveRecord: 0.0ms)


  
NoMethodError (undefined method `each' for nil:NilClass):
  
app/models/weather/main_city_reader.rb:12:in `block in read'
app/models/weather/main_city_reader.rb:9:in `open'
app/models/weather/main_city_reader.rb:9:in `read'
app/models/weather/location_id_reader.rb:16:in `read'
app/models/weather/weather_collection.rb:17:in `get_all_location_weather'
app/controllers/articles_controller.rb:14:in `index'
Started GET "/articles" for 127.0.0.1 at 2019-05-16 00:08:03 +0900
Processing by ArticlesController#index as HTML
Completed 500 Internal Server Error in 9ms (ActiveRecord: 0.0ms)


  
NoMethodError (undefined method `each' for nil:NilClass):
  
app/models/weather/main_city_reader.rb:12:in `block in read'
app/models/weather/main_city_reader.rb:9:in `open'
app/models/weather/main_city_reader.rb:9:in `read'
app/models/weather/location_id_reader.rb:16:in `read'
app/models/weather/weather_collection.rb:17:in `get_all_location_weather'
app/controllers/articles_controller.rb:14:in `index'
Started GET "/" for 127.0.0.1 at 2019-05-16 00:11:00 +0900
Processing by WelcomeController#index as HTML
  Rendering welcome/index.html.erb within layouts/application
  Rendered welcome/index.html.erb within layouts/application (3.9ms)
Completed 200 OK in 594ms (Views: 588.1ms | ActiveRecord: 0.0ms)


Started GET "/articles" for 127.0.0.1 at 2019-05-16 00:11:02 +0900
Processing by ArticlesController#index as HTML
Completed 500 Internal Server Error in 14ms (ActiveRecord: 0.0ms)


  
NoMethodError (undefined method `each' for nil:NilClass):
  
app/models/weather/main_city_reader.rb:12:in `block in read'
app/models/weather/main_city_reader.rb:9:in `open'
app/models/weather/main_city_reader.rb:9:in `read'
app/models/weather/location_id_reader.rb:16:in `read'
app/models/weather/weather_collection.rb:17:in `get_all_location_weather'
app/controllers/articles_controller.rb:14:in `index'
Started GET "/" for 127.0.0.1 at 2019-05-16 00:13:55 +0900
Processing by WelcomeController#index as HTML
  Rendering welcome/index.html.erb within layouts/application
  Rendered welcome/index.html.erb within layouts/application (7.6ms)
Completed 200 OK in 143ms (Views: 91.9ms | ActiveRecord: 0.0ms)


Started GET "/articles" for 127.0.0.1 at 2019-05-16 00:13:57 +0900
Processing by ArticlesController#index as HTML
Completed 500 Internal Server Error in 22ms (ActiveRecord: 0.0ms)


  
NoMethodError (undefined method `each' for nil:NilClass):
  
app/models/weather/main_city_reader.rb:12:in `block in read'
app/models/weather/main_city_reader.rb:9:in `open'
app/models/weather/main_city_reader.rb:9:in `read'
app/models/weather/location_id_reader.rb:16:in `read'
app/models/weather/weather_collection.rb:17:in `get_all_location_weather'
app/controllers/articles_controller.rb:14:in `index'
Started GET "/articles" for 127.0.0.1 at 2019-05-16 00:14:15 +0900
  [1m[35m (0.7ms)[0m  [1m[34mSELECT "schema_migrations"."version" FROM "schema_migrations" ORDER BY "schema_migrations"."version" ASC[0m
  ↳ /Users/masatoyamashita/.rbenv/versions/2.6.3/lib/ruby/gems/2.6.0/gems/activerecord-5.2.3/lib/active_record/log_subscriber.rb:98
Processing by ArticlesController#index as HTML
  Rendering articles/index.html.erb within layouts/application
  [1m[36mArticle Load (0.6ms)[0m  [1m[34mSELECT "articles".* FROM "articles"[0m
  ↳ app/views/articles/index.html.erb:14
  Rendered articles/index.html.erb within layouts/application (25.9ms)
Completed 200 OK in 2378ms (Views: 356.1ms | ActiveRecord: 2.6ms)


